2023-03-25 11:33:35.072 [Warn] Directory was specified as a plugin directory but does not exist: 'resources\plugins'

--------------------------------------------------------------------------------
2023-03-25 11:33:35.105 [Info] Discovered 0 plugins:


--------------------------------------------------------------------------------
2023-03-25 11:33:35.477 [Warn] Missing strings, overwriting strings file:
	Chatbox.ChatTabButtons (string dictionary)

--------------------------------------------------------------------------------
2023-03-25 11:33:36.124 [Info] Connecting to pegaxyland.com:5400...

--------------------------------------------------------------------------------
2023-03-25 11:33:36.929 [Info] Connection denied [].

--------------------------------------------------------------------------------
2023-03-25 11:33:41.929 [Info] System window closing (due to user interaction most likely).

--------------------------------------------------------------------------------
2023-03-25 11:33:41.963 [Info] Acquiring context lock... (0ms)

--------------------------------------------------------------------------------
2023-03-25 11:33:41.963 [Info] Acquired. (0ms)

--------------------------------------------------------------------------------
2023-03-25 11:33:41.965 [Info] Beginning context dispose. (0ms)

--------------------------------------------------------------------------------
2023-03-25 11:33:41.965 [Info] GC.SuppressFinalize (0ms)

--------------------------------------------------------------------------------
2023-03-25 11:33:41.965 [Info] InternalDispose() completed. (0ms)

--------------------------------------------------------------------------------
2023-03-25 11:33:41.965 [Info] Clearing instance... (1ms)

--------------------------------------------------------------------------------
2023-03-25 11:33:41.965 [Info] Releasing context lock... (1ms)

--------------------------------------------------------------------------------
2023-03-25 11:33:41.965 [Info] Released. (2ms)

--------------------------------------------------------------------------------
