2023-03-25 11:42:51.629 [Warn] Directory was specified as a plugin directory but does not exist: 'resources\plugins'

--------------------------------------------------------------------------------
2023-03-25 11:42:51.638 [Info] Discovered 0 plugins:


--------------------------------------------------------------------------------
2023-03-25 11:42:52.016 [Warn] Missing strings, overwriting strings file:
	Chatbox.ChatTabButtons[All],
	Chatbox.ChatTabButtons[Local],
	Chatbox.ChatTabButtons[Party],
	Chatbox.ChatTabButtons[Global],
	Chatbox.ChatTabButtons[Guild],
	Chatbox.ChatTabButtons[System]

--------------------------------------------------------------------------------
2023-03-25 11:42:52.751 [Info] Connecting to pegaxyland.com:5400...

--------------------------------------------------------------------------------
2023-03-25 11:42:53.530 [Info] Connection denied [].

--------------------------------------------------------------------------------
2023-03-25 11:43:00.289 [Info] System window closing (due to user interaction most likely).

--------------------------------------------------------------------------------
2023-03-25 11:43:00.321 [Info] Acquiring context lock... (0ms)

--------------------------------------------------------------------------------
2023-03-25 11:43:00.321 [Info] Acquired. (0ms)

--------------------------------------------------------------------------------
2023-03-25 11:43:00.322 [Info] Beginning context dispose. (0ms)

--------------------------------------------------------------------------------
2023-03-25 11:43:00.323 [Info] GC.SuppressFinalize (0ms)

--------------------------------------------------------------------------------
2023-03-25 11:43:00.323 [Info] InternalDispose() completed. (0ms)

--------------------------------------------------------------------------------
2023-03-25 11:43:00.323 [Info] Clearing instance... (1ms)

--------------------------------------------------------------------------------
2023-03-25 11:43:00.323 [Info] Releasing context lock... (1ms)

--------------------------------------------------------------------------------
2023-03-25 11:43:00.323 [Info] Released. (1ms)

--------------------------------------------------------------------------------
