2023-03-25 12:21:02.037 [Warn] Directory was specified as a plugin directory but does not exist: 'resources\plugins'

--------------------------------------------------------------------------------
2023-03-25 12:21:02.046 [Info] Discovered 0 plugins:


--------------------------------------------------------------------------------
2023-03-25 12:21:04.371 [Info] Connecting to pegaxyland.com:5400...

--------------------------------------------------------------------------------
2023-03-25 12:21:05.227 [Info] Connection approved [00000000-0000-0000-0000-000000000000].

--------------------------------------------------------------------------------
2023-03-25 12:21:05.310 [Info] Connected [00000000-0000-0000-0000-000000000000].

--------------------------------------------------------------------------------
2023-03-25 12:21:13.147 [Warn] 'Me' is null.

--------------------------------------------------------------------------------
2023-03-25 12:21:16.177 [Info] System window closing (due to user interaction most likely).

--------------------------------------------------------------------------------
2023-03-25 12:21:16.209 [Info] Acquiring context lock... (0ms)

--------------------------------------------------------------------------------
2023-03-25 12:21:16.209 [Info] Acquired. (0ms)

--------------------------------------------------------------------------------
2023-03-25 12:21:16.211 [Info] Beginning context dispose. (0ms)

--------------------------------------------------------------------------------
2023-03-25 12:21:16.211 [Info] GC.SuppressFinalize (0ms)

--------------------------------------------------------------------------------
2023-03-25 12:21:16.211 [Info] InternalDispose() completed. (0ms)

--------------------------------------------------------------------------------
2023-03-25 12:21:16.211 [Info] Clearing instance... (1ms)

--------------------------------------------------------------------------------
2023-03-25 12:21:16.211 [Info] Releasing context lock... (1ms)

--------------------------------------------------------------------------------
2023-03-25 12:21:16.211 [Info] Released. (1ms)

--------------------------------------------------------------------------------
