2023-03-25 12:18:40.119 [Warn] Directory was specified as a plugin directory but does not exist: 'resources\plugins'

--------------------------------------------------------------------------------
2023-03-25 12:18:40.149 [Info] Discovered 0 plugins:


--------------------------------------------------------------------------------
2023-03-25 12:18:44.526 [Info] System window closing (due to user interaction most likely).

--------------------------------------------------------------------------------
2023-03-25 12:18:44.549 [Info] Acquiring context lock... (0ms)

--------------------------------------------------------------------------------
2023-03-25 12:18:44.549 [Info] Acquired. (0ms)

--------------------------------------------------------------------------------
2023-03-25 12:18:44.551 [Info] Beginning context dispose. (0ms)

--------------------------------------------------------------------------------
2023-03-25 12:18:44.551 [Info] GC.SuppressFinalize (0ms)

--------------------------------------------------------------------------------
2023-03-25 12:18:44.551 [Info] InternalDispose() completed. (0ms)

--------------------------------------------------------------------------------
2023-03-25 12:18:44.551 [Info] Clearing instance... (2ms)

--------------------------------------------------------------------------------
2023-03-25 12:18:44.551 [Info] Releasing context lock... (2ms)

--------------------------------------------------------------------------------
2023-03-25 12:18:44.551 [Info] Released. (2ms)

--------------------------------------------------------------------------------
