2023-03-25 12:16:56.326 [Warn] Directory was specified as a plugin directory but does not exist: 'resources\plugins'

--------------------------------------------------------------------------------
2023-03-25 12:16:56.353 [Info] Discovered 0 plugins:


--------------------------------------------------------------------------------
2023-03-25 12:17:02.013 [Info] System window closing (due to user interaction most likely).

--------------------------------------------------------------------------------
2023-03-25 12:17:02.034 [Info] Acquiring context lock... (0ms)

--------------------------------------------------------------------------------
2023-03-25 12:17:02.035 [Info] Acquired. (0ms)

--------------------------------------------------------------------------------
2023-03-25 12:17:02.036 [Info] Beginning context dispose. (0ms)

--------------------------------------------------------------------------------
2023-03-25 12:17:02.036 [Info] GC.SuppressFinalize (0ms)

--------------------------------------------------------------------------------
2023-03-25 12:17:02.036 [Info] InternalDispose() completed. (0ms)

--------------------------------------------------------------------------------
2023-03-25 12:17:02.036 [Info] Clearing instance... (2ms)

--------------------------------------------------------------------------------
2023-03-25 12:17:02.036 [Info] Releasing context lock... (2ms)

--------------------------------------------------------------------------------
2023-03-25 12:17:02.036 [Info] Released. (2ms)

--------------------------------------------------------------------------------
