2023-03-25 12:19:10.928 [Warn] Directory was specified as a plugin directory but does not exist: 'resources\plugins'

--------------------------------------------------------------------------------
2023-03-25 12:19:10.958 [Info] Discovered 0 plugins:


--------------------------------------------------------------------------------
2023-03-25 12:19:19.089 [Info] System window closing (due to user interaction most likely).

--------------------------------------------------------------------------------
2023-03-25 12:19:19.112 [Info] Acquiring context lock... (0ms)

--------------------------------------------------------------------------------
2023-03-25 12:19:19.112 [Info] Acquired. (0ms)

--------------------------------------------------------------------------------
2023-03-25 12:19:19.113 [Info] Beginning context dispose. (0ms)

--------------------------------------------------------------------------------
2023-03-25 12:19:19.113 [Info] GC.SuppressFinalize (0ms)

--------------------------------------------------------------------------------
2023-03-25 12:19:19.113 [Info] InternalDispose() completed. (0ms)

--------------------------------------------------------------------------------
2023-03-25 12:19:19.113 [Info] Clearing instance... (1ms)

--------------------------------------------------------------------------------
2023-03-25 12:19:19.113 [Info] Releasing context lock... (1ms)

--------------------------------------------------------------------------------
2023-03-25 12:19:19.113 [Info] Released. (1ms)

--------------------------------------------------------------------------------
